<?xml version="1.0" encoding="UTF-8"?>
<testsuite name="practice2.ReceiptTest" tests="1" skipped="0" failures="0" errors="0" timestamp="2019-04-12T13:24:40" hostname="DESKTOP-0EL7MOI" time="0.022">
  <properties/>
  <testcase name="should_get_correct_grand_total" classname="practice2.ReceiptTest" time="0.022"/>
  <system-out><![CDATA[]]></system-out>
  <system-err><![CDATA[]]></system-err>
</testsuite>
