<?xml version="1.0" encoding="UTF-8"?>
<testsuite name="practice3.OrderTest" tests="1" skipped="0" failures="0" errors="0" timestamp="2019-04-12T13:24:40" hostname="DESKTOP-0EL7MOI" time="0.009">
  <properties/>
  <testcase name="calculate" classname="practice3.OrderTest" time="0.009"/>
  <system-out><![CDATA[]]></system-out>
  <system-err><![CDATA[]]></system-err>
</testsuite>
